Log: Log file open, 03/30/21 18:49:49
Init: ----------------------------------------
Init: SWAT VERSION NUMBER: 0.61
Init: ----------------------------------------
Init: Compiled: Nov 22 2005 12:00:47
Init: Command line: -nobind
Init: Base directory: E:\GOG Games\SWAT 4\ContentExpansion\System\
Init: Character set: Unicode
Init: Found startup configuration: StartupUCC.ini
Init: Adding FilePath: ..\Source\Game\System;..\Source\Unreal\System;..\Content;..\Content\System;..\..\Content;..\..\Content\Classes;..\..\ContentExpansion;..\..\ContentExpansion\System;..\..\ContentExpansion\Classes;
Log: Bound to Core.dll
Init: Object subsystem initialized
Init: Computer: PCCASA
Init: User: admin
Init: CPU Page size=4096, Processors=4
Init: CPU Detected: PentiumPro-class processor (GenuineIntel)
Init: CPU Features: CMov FPU RDTSC PAE MMX SSE
Init: CPU Speed=3512.111480 MHz
Init: Memory total: Phys=2097151K Pagef=4194303K Virt=2097024K
Init: Working set: 32000 / 159000
Log: Bound to ScriptCompiler.dll
Log: Executing Class ScriptCompiler.MakeCommandlet
Heading: --------------------Core - Release--------------------
Warning: Failed to load 'Core.u': Can't find file 'Core.u'
Warning: Failed loading package: Can't find file 'Core.u'
Log: Analyzing...
Log: FactoryCreateText: Class with ClassFactoryUC (0 1 ..\Core\Classes\Subsystem.uc)
Log: Class: Subsystem extends Object
Log: Updated native class 'Class Core.Subsystem'
Log: FactoryCreateText: Class with ClassFactoryUC (0 1 ..\Core\Classes\Object.uc)
Log: Class: Object extends Vector
Log: Updated native class 'Class Core.Object'
Log: FactoryCreateText: Class with ClassFactoryUC (0 1 ..\Core\Classes\RefCount.uc)
Log: Class: RefCount extends Object
Log: Updated native class 'Class Core.RefCount'
Log: FactoryCreateText: Class with ClassFactoryUC (0 1 ..\Core\Classes\Commandlet.uc)
Log: Class: Commandlet extends Object
Log: Updated native class 'Class Core.Commandlet'
Log: FactoryCreateText: Class with ClassFactoryUC (0 1 ..\Core\Classes\DeleteableObject.uc)
Log: Class: DeleteableObject extends Object
Log: Updated native class 'Class Core.DeleteableObject'
Log: FactoryCreateText: Class with ClassFactoryUC (0 1 ..\Core\Classes\HelloWorldCommandlet.uc)
Log: Class: HelloWorldCommandlet extends Commandlet
Log: Imported: Class Core.HelloWorldCommandlet
Log: FactoryCreateText: Class with ClassFactoryUC (0 1 ..\Core\Classes\Locale.uc)
Log: Class: Locale extends Object
Log: Imported: Class Core.Locale
Log: FactoryCreateText: Class with ClassFactoryUC (0 1 ..\Core\Classes\SimpleCommandlet.uc)
Log: Class: SimpleCommandlet extends Commandlet
Log: Imported: Class Core.SimpleCommandlet
Log: FactoryCreateText: Class with ClassFactoryUC (0 1 ..\Core\Classes\Time.uc)
Log: Class: Time extends Object
Log: Imported: Class Core.Time
Log: Parsing Object
Error: E:\GOG Games\SWAT 4\SEF_FR\Source\Unreal\Core\Classes\Object.uc(622) : error: Unexpected 'until'
Log: Saving Core...
Log: 

Log: 

Log: Failure - 1 error(s), 0 warning(s)
Exit: Preparing to exit.
Log: Purging garbage
Log: Unbound to Core.dll
Log: Unbound to ScriptCompiler.dll
Log: Garbage: objects: 837->0; refs: 0
Exit: Object subsystem successfully closed.
Exit: Exiting.
Log: Waiting for file streaming thread to finish...
Uninitialized: Name subsystem shut down
Uninitialized: Allocation checking disabled
Uninitialized: Log file closed, 03/30/21 18:49:50
